Determining if the pthread_create exist failed with the following output:
Change Dir: /home/jscherman/CLionProjects/algo-taller-tries/cmake-build-debug/CMakeFiles/CMakeTmp

Run Build Command:"/usr/bin/make" "cmTC_ef613/fast"
/usr/bin/make -f CMakeFiles/cmTC_ef613.dir/build.make CMakeFiles/cmTC_ef613.dir/build
make[1]: Entering directory '/home/jscherman/CLionProjects/algo-taller-tries/cmake-build-debug/CMakeFiles/CMakeTmp'
Building C object CMakeFiles/cmTC_ef613.dir/CheckSymbolExists.c.o
/usr/bin/cc     -o CMakeFiles/cmTC_ef613.dir/CheckSymbolExists.c.o   -c /home/jscherman/CLionProjects/algo-taller-tries/cmake-build-debug/CMakeFiles/CMakeTmp/CheckSymbolExists.c
Linking C executable cmTC_ef613
/usr/local/clion-2017.1.1/bin/cmake/bin/cmake -E cmake_link_script CMakeFiles/cmTC_ef613.dir/link.txt --verbose=1
/usr/bin/cc       CMakeFiles/cmTC_ef613.dir/CheckSymbolExists.c.o  -o cmTC_ef613 
CMakeFiles/cmTC_ef613.dir/CheckSymbolExists.c.o: In function `main':
CheckSymbolExists.c:(.text+0x16): undefined reference to `pthread_create'
collect2: error: ld returned 1 exit status
CMakeFiles/cmTC_ef613.dir/build.make:97: recipe for target 'cmTC_ef613' failed
make[1]: *** [cmTC_ef613] Error 1
make[1]: Leaving directory '/home/jscherman/CLionProjects/algo-taller-tries/cmake-build-debug/CMakeFiles/CMakeTmp'
Makefile:126: recipe for target 'cmTC_ef613/fast' failed
make: *** [cmTC_ef613/fast] Error 2

File /home/jscherman/CLionProjects/algo-taller-tries/cmake-build-debug/CMakeFiles/CMakeTmp/CheckSymbolExists.c:
/* */
#include <pthread.h>

int main(int argc, char** argv)
{
  (void)argv;
#ifndef pthread_create
  return ((int*)(&pthread_create))[argc];
#else
  (void)argc;
  return 0;
#endif
}

Determining if the function pthread_create exists in the pthreads failed with the following output:
Change Dir: /home/jscherman/CLionProjects/algo-taller-tries/cmake-build-debug/CMakeFiles/CMakeTmp

Run Build Command:"/usr/bin/make" "cmTC_889d7/fast"
/usr/bin/make -f CMakeFiles/cmTC_889d7.dir/build.make CMakeFiles/cmTC_889d7.dir/build
make[1]: Entering directory '/home/jscherman/CLionProjects/algo-taller-tries/cmake-build-debug/CMakeFiles/CMakeTmp'
Building C object CMakeFiles/cmTC_889d7.dir/CheckFunctionExists.c.o
/usr/bin/cc    -DCHECK_FUNCTION_EXISTS=pthread_create   -o CMakeFiles/cmTC_889d7.dir/CheckFunctionExists.c.o   -c /usr/local/clion-2017.1.1/bin/cmake/share/cmake-3.7/Modules/CheckFunctionExists.c
Linking C executable cmTC_889d7
/usr/local/clion-2017.1.1/bin/cmake/bin/cmake -E cmake_link_script CMakeFiles/cmTC_889d7.dir/link.txt --verbose=1
/usr/bin/cc   -DCHECK_FUNCTION_EXISTS=pthread_create    CMakeFiles/cmTC_889d7.dir/CheckFunctionExists.c.o  -o cmTC_889d7 -lpthreads 
/usr/bin/ld: cannot find -lpthreads
collect2: error: ld returned 1 exit status
CMakeFiles/cmTC_889d7.dir/build.make:97: recipe for target 'cmTC_889d7' failed
make[1]: *** [cmTC_889d7] Error 1
make[1]: Leaving directory '/home/jscherman/CLionProjects/algo-taller-tries/cmake-build-debug/CMakeFiles/CMakeTmp'
Makefile:126: recipe for target 'cmTC_889d7/fast' failed
make: *** [cmTC_889d7/fast] Error 2


